# JRE version: OpenJDK Runtime Environment JBR-17.0.14+1-1367.22-nomod (17.0.14+1) (build 17.0.14+1-b1367.22)
# Java VM: OpenJDK 64-Bit Server VM JBR-17.0.14+1-1367.22-nomod (17.0.14+1-b1367.22, mixed mode, sharing, tiered, compressed oops, compressed class ptrs, g1 gc, linux-amd64)
GC Precious Log:
 CPUs: 8 total, 8 available
 Memory: 7293M
 Large Page Support: Disabled
 NUMA Support: Disabled
 Compressed Oops: Enabled (32-bit)
 Heap Region Size: 1M
 Heap Min Capacity: 8M
 Heap Initial Capacity: 114M
 Heap Max Capacity: 1824M
 Pre-touch: Disabled
 Parallel Workers: 8
 Concurrent Workers: 2
 Concurrent Refinement Workers: 8
 Periodic GC: Disabled
Heap:
 garbage-first heap   total 92160K, used 32233K [0x000000008e000000, 0x0000000100000000)
  region size 1024K, 11 young (11264K), 7 survivors (7168K)
 Metaspace       used 65949K, committed 66496K, reserved 1114112K
  class space    used 9236K, committed 9472K, reserved 1048576K
GC Heap History (20 events):
Event: 2,386 GC heap before
{Heap before GC invocations=2 (full 0):
 garbage-first heap   total 118784K, used 45405K [0x000000008e000000, 0x0000000100000000)
  region size 1024K, 38 young (38912K), 3 survivors (3072K)
 Metaspace       used 21199K, committed 21504K, reserved 1114112K
  class space    used 2723K, committed 2880K, reserved 1048576K
}
Event: 2,391 GC heap after
{Heap after GC invocations=3 (full 0):
 garbage-first heap   total 118784K, used 13726K [0x000000008e000000, 0x0000000100000000)
  region size 1024K, 6 young (6144K), 6 survivors (6144K)
 Metaspace       used 21199K, committed 21504K, reserved 1114112K
  class space    used 2723K, committed 2880K, reserved 1048576K
}
Event: 3,156 GC heap before
{Heap before GC invocations=4 (full 0):
 garbage-first heap   total 55296K, used 40350K [0x000000008e000000, 0x0000000100000000)
  region size 1024K, 32 young (32768K), 6 survivors (6144K)
 Metaspace       used 25435K, committed 25792K, reserved 1114112K
  class space    used 3345K, committed 3520K, reserved 1048576K
}
Event: 3,165 GC heap after
{Heap after GC invocations=5 (full 0):
 garbage-first heap   total 55296K, used 15915K [0x000000008e000000, 0x0000000100000000)
  region size 1024K, 3 young (3072K), 3 survivors (3072K)
 Metaspace       used 25435K, committed 25792K, reserved 1114112K
  class space    used 3345K, committed 3520K, reserved 1048576K
}
Event: 3,192 GC heap before
{Heap before GC invocations=5 (full 0):
 garbage-first heap   total 55296K, used 16939K [0x000000008e000000, 0x0000000100000000)
  region size 1024K, 4 young (4096K), 3 survivors (3072K)
 Metaspace       used 25570K, committed 25920K, reserved 1114112K
  class space    used 3362K, committed 3520K, reserved 1048576K
}
Event: 3,198 GC heap after
{Heap after GC invocations=6 (full 0):
 garbage-first heap   total 55296K, used 16199K [0x000000008e000000, 0x0000000100000000)
  region size 1024K, 1 young (1024K), 1 survivors (1024K)
 Metaspace       used 25570K, committed 25920K, reserved 1114112K
  class space    used 3362K, committed 3520K, reserved 1048576K
}
Event: 3,756 GC heap before
{Heap before GC invocations=6 (full 0):
 garbage-first heap   total 55296K, used 37703K [0x000000008e000000, 0x0000000100000000)
  region size 1024K, 22 young (22528K), 1 survivors (1024K)
 Metaspace       used 29666K, committed 30016K, reserved 1114112K
  class space    used 3950K, committed 4096K, reserved 1048576K
}
Event: 3,760 GC heap after
{Heap after GC invocations=7 (full 0):
 garbage-first heap   total 55296K, used 17935K [0x000000008e000000, 0x0000000100000000)
  region size 1024K, 3 young (3072K), 3 survivors (3072K)
 Metaspace       used 29666K, committed 30016K, reserved 1114112K
  class space    used 3950K, committed 4096K, reserved 1048576K
}
Event: 4,373 GC heap before
{Heap before GC invocations=7 (full 0):
 garbage-first heap   total 55296K, used 38415K [0x000000008e000000, 0x0000000100000000)
  region size 1024K, 23 young (23552K), 3 survivors (3072K)
 Metaspace       used 34134K, committed 34560K, reserved 1114112K
  class space    used 4496K, committed 4672K, reserved 1048576K
}
Event: 4,378 GC heap after
{Heap after GC invocations=8 (full 0):
 garbage-first heap   total 55296K, used 19671K [0x000000008e000000, 0x0000000100000000)
  region size 1024K, 2 young (2048K), 2 survivors (2048K)
 Metaspace       used 34134K, committed 34560K, reserved 1114112K
  class space    used 4496K, committed 4672K, reserved 1048576K
}
Event: 4,465 GC heap before
{Heap before GC invocations=8 (full 0):
 garbage-first heap   total 55296K, used 23767K [0x000000008e000000, 0x0000000100000000)
  region size 1024K, 7 young (7168K), 2 survivors (2048K)
 Metaspace       used 35604K, committed 35968K, reserved 1114112K
  class space    used 4687K, committed 4864K, reserved 1048576K
}
Event: 4,469 GC heap after
{Heap after GC invocations=9 (full 0):
 garbage-first heap   total 55296K, used 19768K [0x000000008e000000, 0x0000000100000000)
  region size 1024K, 1 young (1024K), 1 survivors (1024K)
 Metaspace       used 35604K, committed 35968K, reserved 1114112K
  class space    used 4687K, committed 4864K, reserved 1048576K
}
Event: 5,048 GC heap before
{Heap before GC invocations=10 (full 0):
 garbage-first heap   total 55296K, used 40248K [0x000000008e000000, 0x0000000100000000)
  region size 1024K, 21 young (21504K), 1 survivors (1024K)
 Metaspace       used 40980K, committed 41408K, reserved 1114112K
  class space    used 5476K, committed 5696K, reserved 1048576K
}
Event: 5,051 GC heap after
{Heap after GC invocations=11 (full 0):
 garbage-first heap   total 93184K, used 20671K [0x000000008e000000, 0x0000000100000000)
  region size 1024K, 2 young (2048K), 2 survivors (2048K)
 Metaspace       used 40980K, committed 41408K, reserved 1114112K
  class space    used 5476K, committed 5696K, reserved 1048576K
}
Event: 6,242 GC heap before
{Heap before GC invocations=11 (full 0):
 garbage-first heap   total 93184K, used 68799K [0x000000008e000000, 0x0000000100000000)
  region size 1024K, 50 young (51200K), 2 survivors (2048K)
 Metaspace       used 54467K, committed 54976K, reserved 1114112K
  class space    used 7652K, committed 7872K, reserved 1048576K
}
Event: 6,248 GC heap after
{Heap after GC invocations=12 (full 0):
 garbage-first heap   total 93184K, used 22836K [0x000000008e000000, 0x0000000100000000)
  region size 1024K, 4 young (4096K), 4 survivors (4096K)
 Metaspace       used 54467K, committed 54976K, reserved 1114112K
  class space    used 7652K, committed 7872K, reserved 1048576K
}
Event: 6,723 GC heap before
{Heap before GC invocations=12 (full 0):
 garbage-first heap   total 93184K, used 45364K [0x000000008e000000, 0x0000000100000000)
  region size 1024K, 27 young (27648K), 4 survivors (4096K)
 Metaspace       used 59949K, committed 60480K, reserved 1114112K
  class space    used 8427K, committed 8704K, reserved 1048576K
}
Event: 6,733 GC heap after
{Heap after GC invocations=13 (full 0):
 garbage-first heap   total 93184K, used 24418K [0x000000008e000000, 0x0000000100000000)
  region size 1024K, 5 young (5120K), 5 survivors (5120K)
 Metaspace       used 59949K, committed 60480K, reserved 1114112K
  class space    used 8427K, committed 8704K, reserved 1048576K
}
Event: 73,481 GC heap before
{Heap before GC invocations=14 (full 0):
 garbage-first heap   total 92160K, used 71522K [0x000000008e000000, 0x0000000100000000)
  region size 1024K, 52 young (53248K), 5 survivors (5120K)
 Metaspace       used 65824K, committed 66368K, reserved 1114112K
  class space    used 9230K, committed 9472K, reserved 1048576K
}
Event: 73,490 GC heap after
{Heap after GC invocations=15 (full 0):
 garbage-first heap   total 92160K, used 29161K [0x000000008e000000, 0x0000000100000000)
  region size 1024K, 7 young (7168K), 7 survivors (7168K)
 Metaspace       used 65824K, committed 66368K, reserved 1114112K
  class space    used 9230K, committed 9472K, reserved 1048576K
}

